TN:
SF:src/buildDiff.js
FN:3,(anonymous_0)
FN:7,(anonymous_1)
FNF:2
FNH:2
FNDA:1,(anonymous_0)
FNDA:5,(anonymous_1)
DA:3,1
DA:4,1
DA:5,1
DA:6,1
DA:7,1
DA:8,5
DA:9,1
DA:11,4
DA:12,2
DA:14,2
DA:15,1
DA:17,1
DA:20,1
LF:13
LH:13
BRDA:8,0,0,1
BRDA:8,0,1,4
BRDA:11,1,0,2
BRDA:11,1,1,2
BRDA:14,2,0,1
BRDA:14,2,1,1
BRF:6
BRH:6
end_of_record
TN:
SF:src/index.js
FN:7,(anonymous_0)
FN:8,(anonymous_1)
FN:9,(anonymous_2)
FN:11,(anonymous_3)
FNF:4
FNH:4
FNDA:2,(anonymous_0)
FNDA:2,(anonymous_1)
FNDA:2,(anonymous_2)
FNDA:1,(anonymous_3)
DA:7,2
DA:8,2
DA:9,2
DA:11,1
DA:12,1
DA:13,1
DA:14,1
DA:15,1
DA:16,1
DA:17,1
DA:18,1
LF:11
LH:11
BRF:0
BRH:0
end_of_record
TN:
SF:src/parsers.js
FN:3,(anonymous_0)
FNF:1
FNH:1
FNDA:2,(anonymous_0)
DA:3,1
DA:4,2
DA:5,2
LF:3
LH:3
BRF:0
BRH:0
end_of_record
TN:
SF:src/stylish.js
FN:1,(anonymous_0)
FN:2,(anonymous_1)
FN:3,(anonymous_2)
FN:4,(anonymous_3)
FN:8,(anonymous_4)
FN:9,(anonymous_5)
FN:20,(anonymous_6)
FNF:7
FNH:7
FNDA:6,(anonymous_0)
FNDA:1,(anonymous_1)
FNDA:6,(anonymous_2)
FNDA:1,(anonymous_3)
FNDA:1,(anonymous_4)
FNDA:5,(anonymous_5)
FNDA:1,(anonymous_6)
DA:1,6
DA:2,1
DA:3,6
DA:4,1
DA:6,1
DA:8,1
DA:9,1
DA:10,5
DA:11,1
DA:14,4
DA:16,1
DA:17,1
DA:20,1
LF:13
LH:13
BRDA:10,0,0,1
BRDA:10,0,1,4
BRF:2
BRH:2
end_of_record
